<?xml version="1.0" encoding="UTF-8"?>
<!-- Generated by org.testng.reporters.JUnitReportReporter -->
<testsuite hostname="HDC3-L-B3HVMF2" failures="0" tests="3" name="Factory" time="21.893" errors="0" timestamp="2023-01-05T09:21:12 IST" skipped="0">
  <testcase classname="Factory" name="Wiki_Test" time="6.522"/>
  <system-out/>
  <testcase classname="Factory" name="compareData" time="0.004"/>
  <system-out/>
  <testcase classname="Factory" name="IMDB_Test" time="15.367"/>
  <system-out/>
</testsuite> <!-- Factory -->
